{"id":"127.0.1.1.tm163402399935500002","wasCommitted":true,"participants":[{"uri":"127.0.1.1.tm1","state":"COMMITTING","expires":1634024009280,"resourceName":"xamq"}]}
{"id":"127.0.1.1.tm163402399935500002","wasCommitted":true,"participants":[{"uri":"127.0.1.1.tm1","state":"TERMINATED","expires":1634024010334,"resourceName":"xamq"}]}
{"id":"127.0.1.1.tm163402399935400001","wasCommitted":true,"participants":[{"uri":"127.0.1.1.tm2","state":"COMMITTING","expires":1634024009392,"resourceName":"xamq"}]}
{"id":"127.0.1.1.tm163402399935400001","wasCommitted":true,"participants":[{"uri":"127.0.1.1.tm2","state":"TERMINATED","expires":1634024011343,"resourceName":"xamq"}]}
{"id":"127.0.1.1.tm163402400043400003","wasCommitted":true,"participants":[{"uri":"127.0.1.1.tm3","state":"COMMITTING","expires":1634024010401,"resourceName":"xamq"}]}
{"id":"127.0.1.1.tm163402400043400003","wasCommitted":true,"participants":[{"uri":"127.0.1.1.tm3","state":"TERMINATED","expires":1634024012353,"resourceName":"xamq"}]}
{"id":"127.0.1.1.tm163402400144400004","wasCommitted":true,"participants":[{"uri":"127.0.1.1.tm4","state":"COMMITTING","expires":1634024011410,"resourceName":"xamq"}]}
{"id":"127.0.1.1.tm163402400144400004","wasCommitted":true,"participants":[{"uri":"127.0.1.1.tm4","state":"TERMINATED","expires":1634024013362,"resourceName":"xamq"}]}
{"id":"127.0.1.1.tm163402400245400005","wasCommitted":true,"participants":[{"uri":"127.0.1.1.tm5","state":"COMMITTING","expires":1634024012420,"resourceName":"xamq"}]}
{"id":"127.0.1.1.tm163402400245400005","wasCommitted":true,"participants":[{"uri":"127.0.1.1.tm5","state":"TERMINATED","expires":1634024014371,"resourceName":"xamq"}]}
{"id":"127.0.1.1.tm163402400346300006","wasCommitted":true,"participants":[{"uri":"127.0.1.1.tm6","state":"COMMITTING","expires":1634024013429,"resourceName":"xamq"}]}
{"id":"127.0.1.1.tm163402400346300006","wasCommitted":true,"participants":[{"uri":"127.0.1.1.tm6","state":"TERMINATED","expires":1634024015380,"resourceName":"xamq"}]}
{"id":"127.0.1.1.tm163402400447100007","wasCommitted":true,"participants":[{"uri":"127.0.1.1.tm7","state":"COMMITTING","expires":1634024014438,"resourceName":"xamq"}]}
{"id":"127.0.1.1.tm163402400447100007","wasCommitted":true,"participants":[{"uri":"127.0.1.1.tm7","state":"TERMINATED","expires":1634024016389,"resourceName":"xamq"}]}
{"id":"127.0.1.1.tm163402400548100008","wasCommitted":true,"participants":[{"uri":"127.0.1.1.tm8","state":"COMMITTING","expires":1634024015448,"resourceName":"xamq"}]}
{"id":"127.0.1.1.tm163402400548100008","wasCommitted":true,"participants":[{"uri":"127.0.1.1.tm8","state":"TERMINATED","expires":1634024017399,"resourceName":"xamq"}]}
{"id":"127.0.1.1.tm163402400648900009","wasCommitted":true,"participants":[{"uri":"127.0.1.1.tm9","state":"COMMITTING","expires":1634024016456,"resourceName":"xamq"}]}
{"id":"127.0.1.1.tm163402400648900009","wasCommitted":true,"participants":[{"uri":"127.0.1.1.tm9","state":"TERMINATED","expires":1634024018407,"resourceName":"xamq"}]}
{"id":"127.0.1.1.tm163402400749900010","wasCommitted":true,"participants":[{"uri":"127.0.1.1.tm10","state":"COMMITTING","expires":1634024017470,"resourceName":"xamq"}]}
{"id":"127.0.1.1.tm163402400749900010","wasCommitted":true,"participants":[{"uri":"127.0.1.1.tm10","state":"TERMINATED","expires":1634024019421,"resourceName":"xamq"}]}
{"id":"127.0.1.1.tm163402400850800011","wasCommitted":true,"participants":[{"uri":"127.0.1.1.tm11","state":"COMMITTING","expires":1634024018485,"resourceName":"xamq"}]}
{"id":"127.0.1.1.tm163402400850800011","wasCommitted":true,"participants":[{"uri":"127.0.1.1.tm11","state":"TERMINATED","expires":1634024020436,"resourceName":"xamq"}]}
{"id":"127.0.1.1.tm163402400952500012","wasCommitted":true,"participants":[{"uri":"127.0.1.1.tm12","state":"COMMITTING","expires":1634024019495,"resourceName":"xamq"}]}
{"id":"127.0.1.1.tm163402400952500012","wasCommitted":true,"participants":[{"uri":"127.0.1.1.tm12","state":"TERMINATED","expires":1634024021446,"resourceName":"xamq"}]}
{"id":"127.0.1.1.tm163402401053700013","wasCommitted":true,"participants":[{"uri":"127.0.1.1.tm13","state":"COMMITTING","expires":1634024020503,"resourceName":"xamq"}]}
{"id":"127.0.1.1.tm163402401053700013","wasCommitted":true,"participants":[{"uri":"127.0.1.1.tm13","state":"TERMINATED","expires":1634024022455,"resourceName":"xamq"}]}
{"id":"127.0.1.1.tm163402401154700014","wasCommitted":true,"participants":[{"uri":"127.0.1.1.tm14","state":"COMMITTING","expires":1634024021513,"resourceName":"xamq"}]}
{"id":"127.0.1.1.tm163402401154700014","wasCommitted":true,"participants":[{"uri":"127.0.1.1.tm14","state":"TERMINATED","expires":1634024023464,"resourceName":"xamq"}]}
{"id":"127.0.1.1.tm163402401255500015","wasCommitted":true,"participants":[{"uri":"127.0.1.1.tm15","state":"COMMITTING","expires":1634024022520,"resourceName":"xamq"}]}
{"id":"127.0.1.1.tm163402401255500015","wasCommitted":true,"participants":[{"uri":"127.0.1.1.tm15","state":"TERMINATED","expires":1634024024471,"resourceName":"xamq"}]}
{"id":"127.0.1.1.tm163402401356400016","wasCommitted":true,"participants":[{"uri":"127.0.1.1.tm16","state":"COMMITTING","expires":1634024023534,"resourceName":"xamq"}]}
{"id":"127.0.1.1.tm163402401356400016","wasCommitted":true,"participants":[{"uri":"127.0.1.1.tm16","state":"TERMINATED","expires":1634024025485,"resourceName":"xamq"}]}
{"id":"127.0.1.1.tm163402401457200017","wasCommitted":true,"participants":[{"uri":"127.0.1.1.tm17","state":"COMMITTING","expires":1634024024544,"resourceName":"xamq"}]}
{"id":"127.0.1.1.tm163402401457200017","wasCommitted":true,"participants":[{"uri":"127.0.1.1.tm17","state":"TERMINATED","expires":1634024026495,"resourceName":"xamq"}]}
{"id":"127.0.1.1.tm163402401558600018","wasCommitted":true,"participants":[{"uri":"127.0.1.1.tm18","state":"COMMITTING","expires":1634024025553,"resourceName":"xamq"}]}
{"id":"127.0.1.1.tm163402401558600018","wasCommitted":true,"participants":[{"uri":"127.0.1.1.tm18","state":"TERMINATED","expires":1634024027504,"resourceName":"xamq"}]}
{"id":"127.0.1.1.tm163402401659600019","wasCommitted":true,"participants":[{"uri":"127.0.1.1.tm19","state":"COMMITTING","expires":1634024026562,"resourceName":"xamq"}]}
{"id":"127.0.1.1.tm163402401659600019","wasCommitted":true,"participants":[{"uri":"127.0.1.1.tm19","state":"TERMINATED","expires":1634024028513,"resourceName":"xamq"}]}
{"id":"127.0.1.1.tm163402401760500020","wasCommitted":true,"participants":[{"uri":"127.0.1.1.tm20","state":"COMMITTING","expires":1634024027571,"resourceName":"xamq"}]}
{"id":"127.0.1.1.tm163402401760500020","wasCommitted":true,"participants":[{"uri":"127.0.1.1.tm20","state":"TERMINATED","expires":1634024029524,"resourceName":"xamq"}]}
{"id":"127.0.1.1.tm163402401861400021","wasCommitted":true,"participants":[{"uri":"127.0.1.1.tm21","state":"COMMITTING","expires":1634024028581,"resourceName":"xamq"}]}
{"id":"127.0.1.1.tm163402401861400021","wasCommitted":true,"participants":[{"uri":"127.0.1.1.tm21","state":"TERMINATED","expires":1634024030532,"resourceName":"xamq"}]}
{"id":"127.0.1.1.tm163402402066500025","wasCommitted":true,"participants":[{"uri":"127.0.1.1.tm23","state":"COMMITTING","expires":1634024030592,"resourceName":"xads1"}]}
{"id":"127.0.1.1.tm163402402066500025","wasCommitted":true,"participants":[{"uri":"127.0.1.1.tm23","state":"TERMINATED","expires":1634024030600,"resourceName":"xads1"}]}
{"id":"127.0.1.1.tm163402402071400026","wasCommitted":true,"participants":[{"uri":"127.0.1.1.tm24","state":"COMMITTING","expires":1634024030622,"resourceName":"xads2"}]}
{"id":"127.0.1.1.tm163402402071400026","wasCommitted":true,"participants":[{"uri":"127.0.1.1.tm24","state":"TERMINATED","expires":1634024030627,"resourceName":"xads2"}]}
{"id":"127.0.1.1.tm163402401962600022","wasCommitted":true,"participants":[{"uri":"127.0.1.1.tm22","state":"COMMITTING","expires":1634024029586,"resourceName":"xamq"}]}
{"id":"127.0.1.1.tm163402401962600022","wasCommitted":true,"participants":[{"uri":"127.0.1.1.tm22","state":"TERMINATED","expires":1634024031537,"resourceName":"xamq"}]}
{"id":"127.0.1.1.tm163402402063200023","wasCommitted":true,"participants":[{"uri":"127.0.1.1.tm25","state":"COMMITTING","expires":1634024030595,"resourceName":"xamq"}]}
{"id":"127.0.1.1.tm163402402063200023","wasCommitted":true,"participants":[{"uri":"127.0.1.1.tm25","state":"TERMINATED","expires":1634024032546,"resourceName":"xamq"}]}
{"id":"127.0.1.1.tm163402402064200024","wasCommitted":true,"participants":[{"uri":"127.0.1.1.tm26","state":"COMMITTING","expires":1634024032641,"resourceName":"xamq"},{"uri":"127.0.1.1.tm27","state":"COMMITTING","expires":1634024032641,"resourceName":"xads2"},{"uri":"127.0.1.1.tm28","state":"COMMITTING","expires":1634024032641,"resourceName":"xads1"}]}
{"id":"127.0.1.1.tm163402402064200024","wasCommitted":true,"participants":[{"uri":"127.0.1.1.tm26","state":"TERMINATED","expires":1634024032676,"resourceName":"xamq"},{"uri":"127.0.1.1.tm27","state":"TERMINATED","expires":1634024032676,"resourceName":"xads2"},{"uri":"127.0.1.1.tm28","state":"TERMINATED","expires":1634024032676,"resourceName":"xads1"}]}
{"id":"127.0.1.1.tm163402402163800027","wasCommitted":true,"participants":[{"uri":"127.0.1.1.tm29","state":"COMMITTING","expires":1634024031585,"resourceName":"xamq"}]}
{"id":"127.0.1.1.tm163402402163800027","wasCommitted":true,"participants":[{"uri":"127.0.1.1.tm29","state":"TERMINATED","expires":1634024033687,"resourceName":"xamq"}]}
{"id":"127.0.1.1.tm163402402264600028","wasCommitted":true,"participants":[{"uri":"127.0.1.1.tm30","state":"COMMITTING","expires":1634024032665,"resourceName":"xamq"}]}
{"id":"127.0.1.1.tm163402402264600028","wasCommitted":true,"participants":[{"uri":"127.0.1.1.tm30","state":"TERMINATED","expires":1634024033726,"resourceName":"xamq"}]}
{"id":"127.0.1.1.tm163402402378800029","wasCommitted":true,"participants":[{"uri":"127.0.1.1.tm31","state":"COMMITTING","expires":1634024033830,"resourceName":"xamq"}]}
{"id":"127.0.1.1.tm163402402378800029","wasCommitted":true,"participants":[{"uri":"127.0.1.1.tm31","state":"TERMINATED","expires":1634024034731,"resourceName":"xamq"}]}
{"id":"127.0.1.1.tm163402402382600030","wasCommitted":true,"participants":[{"uri":"127.0.1.1.tm32","state":"COMMITTING","expires":1634024033789,"resourceName":"xamq"}]}
{"id":"127.0.1.1.tm163402402382600030","wasCommitted":true,"participants":[{"uri":"127.0.1.1.tm32","state":"TERMINATED","expires":1634024035740,"resourceName":"xamq"}]}
{"id":"127.0.1.1.tm163402402483200031","wasCommitted":true,"participants":[{"uri":"127.0.1.1.tm33","state":"COMMITTING","expires":1634024034796,"resourceName":"xamq"}]}
{"id":"127.0.1.1.tm163402402483200031","wasCommitted":true,"participants":[{"uri":"127.0.1.1.tm33","state":"TERMINATED","expires":1634024036746,"resourceName":"xamq"}]}
{"id":"127.0.1.1.tm163402402684600033","wasCommitted":true,"participants":[{"uri":"127.0.1.1.tm34","state":"COMMITTING","expires":1634024036851,"resourceName":"xamq"}]}
{"id":"127.0.1.1.tm163402402684600033","wasCommitted":true,"participants":[{"uri":"127.0.1.1.tm34","state":"TERMINATED","expires":1634024037753,"resourceName":"xamq"}]}
{"id":"127.0.1.1.tm163402402584100032","wasCommitted":true,"participants":[{"uri":"127.0.1.1.tm35","state":"COMMITTING","expires":1634024035761,"resourceName":"xamq"}]}
{"id":"127.0.1.1.tm163402402584100032","wasCommitted":true,"participants":[{"uri":"127.0.1.1.tm35","state":"TERMINATED","expires":1634024038763,"resourceName":"xamq"}]}
{"id":"127.0.1.1.tm163402402785300034","wasCommitted":true,"participants":[{"uri":"127.0.1.1.tm36","state":"COMMITTING","expires":1634024037821,"resourceName":"xamq"}]}
{"id":"127.0.1.1.tm163402402785300034","wasCommitted":true,"participants":[{"uri":"127.0.1.1.tm36","state":"TERMINATED","expires":1634024039772,"resourceName":"xamq"}]}
{"id":"127.0.1.1.tm163402402886300035","wasCommitted":true,"participants":[{"uri":"127.0.1.1.tm37","state":"COMMITTING","expires":1634024038827,"resourceName":"xamq"}]}
{"id":"127.0.1.1.tm163402402886300035","wasCommitted":true,"participants":[{"uri":"127.0.1.1.tm37","state":"TERMINATED","expires":1634024040778,"resourceName":"xamq"}]}
{"id":"127.0.1.1.tm163402402987200036","wasCommitted":true,"participants":[{"uri":"127.0.1.1.tm38","state":"COMMITTING","expires":1634024039831,"resourceName":"xamq"}]}
{"id":"127.0.1.1.tm163402402987200036","wasCommitted":true,"participants":[{"uri":"127.0.1.1.tm38","state":"TERMINATED","expires":1634024041782,"resourceName":"xamq"}]}
{"id":"127.0.1.1.tm163402403087800037","wasCommitted":true,"participants":[{"uri":"127.0.1.1.tm39","state":"COMMITTING","expires":1634024040838,"resourceName":"xamq"}]}
{"id":"127.0.1.1.tm163402403087800037","wasCommitted":true,"participants":[{"uri":"127.0.1.1.tm39","state":"TERMINATED","expires":1634024042788,"resourceName":"xamq"}]}
{"id":"127.0.1.1.tm163402403188300038","wasCommitted":true,"participants":[{"uri":"127.0.1.1.tm40","state":"COMMITTING","expires":1634024041840,"resourceName":"xamq"}]}
{"id":"127.0.1.1.tm163402403188300038","wasCommitted":true,"participants":[{"uri":"127.0.1.1.tm40","state":"TERMINATED","expires":1634024043791,"resourceName":"xamq"}]}
{"id":"127.0.1.1.tm163402403288800039","wasCommitted":true,"participants":[{"uri":"127.0.1.1.tm41","state":"COMMITTING","expires":1634024042843,"resourceName":"xamq"}]}
{"id":"127.0.1.1.tm163402403288800039","wasCommitted":true,"participants":[{"uri":"127.0.1.1.tm41","state":"TERMINATED","expires":1634024044794,"resourceName":"xamq"}]}
{"id":"127.0.1.1.tm163402403389100040","wasCommitted":true,"participants":[{"uri":"127.0.1.1.tm42","state":"COMMITTING","expires":1634024043848,"resourceName":"xamq"}]}
{"id":"127.0.1.1.tm163402403389100040","wasCommitted":true,"participants":[{"uri":"127.0.1.1.tm42","state":"TERMINATED","expires":1634024045800,"resourceName":"xamq"}]}
{"id":"127.0.1.1.tm163402403489400041","wasCommitted":true,"participants":[{"uri":"127.0.1.1.tm43","state":"COMMITTING","expires":1634024044856,"resourceName":"xamq"}]}
{"id":"127.0.1.1.tm163402403489400041","wasCommitted":true,"participants":[{"uri":"127.0.1.1.tm43","state":"TERMINATED","expires":1634024046807,"resourceName":"xamq"}]}
{"id":"127.0.1.1.tm163402403590100042","wasCommitted":true,"participants":[{"uri":"127.0.1.1.tm44","state":"COMMITTING","expires":1634024045863,"resourceName":"xamq"}]}
{"id":"127.0.1.1.tm163402403590100042","wasCommitted":true,"participants":[{"uri":"127.0.1.1.tm44","state":"TERMINATED","expires":1634024047815,"resourceName":"xamq"}]}
{"id":"127.0.1.1.tm163402403690800043","wasCommitted":true,"participants":[{"uri":"127.0.1.1.tm45","state":"COMMITTING","expires":1634024046872,"resourceName":"xamq"}]}
{"id":"127.0.1.1.tm163402403690800043","wasCommitted":true,"participants":[{"uri":"127.0.1.1.tm45","state":"TERMINATED","expires":1634024048823,"resourceName":"xamq"}]}
{"id":"127.0.1.1.tm163402403791500044","wasCommitted":true,"participants":[{"uri":"127.0.1.1.tm46","state":"COMMITTING","expires":1634024047880,"resourceName":"xamq"}]}
{"id":"127.0.1.1.tm163402403791500044","wasCommitted":true,"participants":[{"uri":"127.0.1.1.tm46","state":"TERMINATED","expires":1634024049831,"resourceName":"xamq"}]}
{"id":"127.0.1.1.tm163402403892400045","wasCommitted":true,"participants":[{"uri":"127.0.1.1.tm47","state":"COMMITTING","expires":1634024048887,"resourceName":"xamq"}]}
{"id":"127.0.1.1.tm163402403892400045","wasCommitted":true,"participants":[{"uri":"127.0.1.1.tm47","state":"TERMINATED","expires":1634024050838,"resourceName":"xamq"}]}
{"id":"127.0.1.1.tm163402403993200046","wasCommitted":true,"participants":[{"uri":"127.0.1.1.tm48","state":"COMMITTING","expires":1634024049893,"resourceName":"xamq"}]}
{"id":"127.0.1.1.tm163402403993200046","wasCommitted":true,"participants":[{"uri":"127.0.1.1.tm48","state":"TERMINATED","expires":1634024051843,"resourceName":"xamq"}]}
{"id":"127.0.1.1.tm163402404093800047","wasCommitted":true,"participants":[{"uri":"127.0.1.1.tm49","state":"COMMITTING","expires":1634024050897,"resourceName":"xamq"}]}
{"id":"127.0.1.1.tm163402404093800047","wasCommitted":true,"participants":[{"uri":"127.0.1.1.tm49","state":"TERMINATED","expires":1634024052848,"resourceName":"xamq"}]}
{"id":"127.0.1.1.tm163402404194300048","wasCommitted":true,"participants":[{"uri":"127.0.1.1.tm50","state":"COMMITTING","expires":1634024051905,"resourceName":"xamq"}]}
{"id":"127.0.1.1.tm163402404194300048","wasCommitted":true,"participants":[{"uri":"127.0.1.1.tm50","state":"TERMINATED","expires":1634024053856,"resourceName":"xamq"}]}
{"id":"127.0.1.1.tm163402404294900049","wasCommitted":true,"participants":[{"uri":"127.0.1.1.tm51","state":"COMMITTING","expires":1634024052912,"resourceName":"xamq"}]}
{"id":"127.0.1.1.tm163402404294900049","wasCommitted":true,"participants":[{"uri":"127.0.1.1.tm51","state":"TERMINATED","expires":1634024054863,"resourceName":"xamq"}]}
{"id":"127.0.1.1.tm163402404395700050","wasCommitted":true,"participants":[{"uri":"127.0.1.1.tm52","state":"COMMITTING","expires":1634024053920,"resourceName":"xamq"}]}
{"id":"127.0.1.1.tm163402404395700050","wasCommitted":true,"participants":[{"uri":"127.0.1.1.tm52","state":"TERMINATED","expires":1634024055871,"resourceName":"xamq"}]}
{"id":"127.0.1.1.tm163402404496400051","wasCommitted":true,"participants":[{"uri":"127.0.1.1.tm53","state":"COMMITTING","expires":1634024054926,"resourceName":"xamq"}]}
{"id":"127.0.1.1.tm163402404496400051","wasCommitted":true,"participants":[{"uri":"127.0.1.1.tm53","state":"TERMINATED","expires":1634024056877,"resourceName":"xamq"}]}
{"id":"127.0.1.1.tm163402404597100052","wasCommitted":true,"participants":[{"uri":"127.0.1.1.tm54","state":"COMMITTING","expires":1634024055930,"resourceName":"xamq"}]}
{"id":"127.0.1.1.tm163402404597100052","wasCommitted":true,"participants":[{"uri":"127.0.1.1.tm54","state":"TERMINATED","expires":1634024057881,"resourceName":"xamq"}]}
{"id":"127.0.1.1.tm163402404697700053","wasCommitted":true,"participants":[{"uri":"127.0.1.1.tm55","state":"COMMITTING","expires":1634024056937,"resourceName":"xamq"}]}
{"id":"127.0.1.1.tm163402404697700053","wasCommitted":true,"participants":[{"uri":"127.0.1.1.tm55","state":"TERMINATED","expires":1634024058888,"resourceName":"xamq"}]}
{"id":"127.0.1.1.tm163402404798200054","wasCommitted":true,"participants":[{"uri":"127.0.1.1.tm56","state":"COMMITTING","expires":1634024057944,"resourceName":"xamq"}]}
{"id":"127.0.1.1.tm163402404798200054","wasCommitted":true,"participants":[{"uri":"127.0.1.1.tm56","state":"TERMINATED","expires":1634024059895,"resourceName":"xamq"}]}
{"id":"127.0.1.1.tm163402404898900055","wasCommitted":true,"participants":[{"uri":"127.0.1.1.tm57","state":"COMMITTING","expires":1634024058947,"resourceName":"xamq"}]}
{"id":"127.0.1.1.tm163402404898900055","wasCommitted":true,"participants":[{"uri":"127.0.1.1.tm57","state":"TERMINATED","expires":1634024060898,"resourceName":"xamq"}]}
{"id":"127.0.1.1.tm163402404999500056","wasCommitted":true,"participants":[{"uri":"127.0.1.1.tm58","state":"COMMITTING","expires":1634024059951,"resourceName":"xamq"}]}
{"id":"127.0.1.1.tm163402404999500056","wasCommitted":true,"participants":[{"uri":"127.0.1.1.tm58","state":"TERMINATED","expires":1634024061903,"resourceName":"xamq"}]}
{"id":"127.0.1.1.tm163402405099800057","wasCommitted":true,"participants":[{"uri":"127.0.1.1.tm59","state":"COMMITTING","expires":1634024060958,"resourceName":"xamq"}]}
{"id":"127.0.1.1.tm163402405099800057","wasCommitted":true,"participants":[{"uri":"127.0.1.1.tm59","state":"TERMINATED","expires":1634024062908,"resourceName":"xamq"}]}
{"id":"127.0.1.1.tm163402405200300058","wasCommitted":true,"participants":[{"uri":"127.0.1.1.tm60","state":"COMMITTING","expires":1634024061961,"resourceName":"xamq"}]}
{"id":"127.0.1.1.tm163402405200300058","wasCommitted":true,"participants":[{"uri":"127.0.1.1.tm60","state":"TERMINATED","expires":1634024063912,"resourceName":"xamq"}]}
{"id":"127.0.1.1.tm163402405300800059","wasCommitted":true,"participants":[{"uri":"127.0.1.1.tm61","state":"COMMITTING","expires":1634024062969,"resourceName":"xamq"}]}
{"id":"127.0.1.1.tm163402405300800059","wasCommitted":true,"participants":[{"uri":"127.0.1.1.tm61","state":"TERMINATED","expires":1634024064920,"resourceName":"xamq"}]}
{"id":"127.0.1.1.tm163402405401300060","wasCommitted":true,"participants":[{"uri":"127.0.1.1.tm62","state":"COMMITTING","expires":1634024063975,"resourceName":"xamq"}]}
{"id":"127.0.1.1.tm163402405401300060","wasCommitted":true,"participants":[{"uri":"127.0.1.1.tm62","state":"TERMINATED","expires":1634024065926,"resourceName":"xamq"}]}
{"id":"127.0.1.1.tm163402405502100061","wasCommitted":true,"participants":[{"uri":"127.0.1.1.tm63","state":"COMMITTING","expires":1634024064982,"resourceName":"xamq"}]}
{"id":"127.0.1.1.tm163402405502100061","wasCommitted":true,"participants":[{"uri":"127.0.1.1.tm63","state":"TERMINATED","expires":1634024066933,"resourceName":"xamq"}]}
{"id":"127.0.1.1.tm163402405602700062","wasCommitted":true,"participants":[{"uri":"127.0.1.1.tm64","state":"COMMITTING","expires":1634024065990,"resourceName":"xamq"}]}
{"id":"127.0.1.1.tm163402405602700062","wasCommitted":true,"participants":[{"uri":"127.0.1.1.tm64","state":"TERMINATED","expires":1634024067940,"resourceName":"xamq"}]}
{"id":"127.0.1.1.tm163402405703300063","wasCommitted":true,"participants":[{"uri":"127.0.1.1.tm65","state":"COMMITTING","expires":1634024066997,"resourceName":"xamq"}]}
{"id":"127.0.1.1.tm163402405703300063","wasCommitted":true,"participants":[{"uri":"127.0.1.1.tm65","state":"TERMINATED","expires":1634024068948,"resourceName":"xamq"}]}
{"id":"127.0.1.1.tm163402405804100064","wasCommitted":true,"participants":[{"uri":"127.0.1.1.tm66","state":"COMMITTING","expires":1634024068005,"resourceName":"xamq"}]}
{"id":"127.0.1.1.tm163402405804100064","wasCommitted":true,"participants":[{"uri":"127.0.1.1.tm66","state":"TERMINATED","expires":1634024069956,"resourceName":"xamq"}]}
{"id":"127.0.1.1.tm163402405904900065","wasCommitted":true,"participants":[{"uri":"127.0.1.1.tm67","state":"COMMITTING","expires":1634024069011,"resourceName":"xamq"}]}
{"id":"127.0.1.1.tm163402405904900065","wasCommitted":true,"participants":[{"uri":"127.0.1.1.tm67","state":"TERMINATED","expires":1634024070962,"resourceName":"xamq"}]}
{"id":"127.0.1.1.tm163402406005700066","wasCommitted":true,"participants":[{"uri":"127.0.1.1.tm68","state":"COMMITTING","expires":1634024070018,"resourceName":"xamq"}]}
{"id":"127.0.1.1.tm163402406005700066","wasCommitted":true,"participants":[{"uri":"127.0.1.1.tm68","state":"TERMINATED","expires":1634024071969,"resourceName":"xamq"}]}
{"id":"127.0.1.1.tm163402406106300067","wasCommitted":true,"participants":[{"uri":"127.0.1.1.tm69","state":"COMMITTING","expires":1634024071025,"resourceName":"xamq"}]}
{"id":"127.0.1.1.tm163402406106300067","wasCommitted":true,"participants":[{"uri":"127.0.1.1.tm69","state":"TERMINATED","expires":1634024072976,"resourceName":"xamq"}]}
{"id":"127.0.1.1.tm163402406207000068","wasCommitted":true,"participants":[{"uri":"127.0.1.1.tm70","state":"COMMITTING","expires":1634024072031,"resourceName":"xamq"}]}
{"id":"127.0.1.1.tm163402406207000068","wasCommitted":true,"participants":[{"uri":"127.0.1.1.tm70","state":"TERMINATED","expires":1634024073982,"resourceName":"xamq"}]}
{"id":"127.0.1.1.tm163402406307600069","wasCommitted":true,"participants":[{"uri":"127.0.1.1.tm71","state":"COMMITTING","expires":1634024073037,"resourceName":"xamq"}]}
{"id":"127.0.1.1.tm163402406307600069","wasCommitted":true,"participants":[{"uri":"127.0.1.1.tm71","state":"TERMINATED","expires":1634024074988,"resourceName":"xamq"}]}
{"id":"127.0.1.1.tm163402406408300070","wasCommitted":true,"participants":[{"uri":"127.0.1.1.tm72","state":"COMMITTING","expires":1634024074044,"resourceName":"xamq"}]}
{"id":"127.0.1.1.tm163402406408300070","wasCommitted":true,"participants":[{"uri":"127.0.1.1.tm72","state":"TERMINATED","expires":1634024075994,"resourceName":"xamq"}]}
{"id":"127.0.1.1.tm163402406508900071","wasCommitted":true,"participants":[{"uri":"127.0.1.1.tm73","state":"COMMITTING","expires":1634024075049,"resourceName":"xamq"}]}
{"id":"127.0.1.1.tm163402406508900071","wasCommitted":true,"participants":[{"uri":"127.0.1.1.tm73","state":"TERMINATED","expires":1634024077000,"resourceName":"xamq"}]}
{"id":"127.0.1.1.tm163402406609500072","wasCommitted":true,"participants":[{"uri":"127.0.1.1.tm74","state":"COMMITTING","expires":1634024076057,"resourceName":"xamq"}]}
{"id":"127.0.1.1.tm163402406609500072","wasCommitted":true,"participants":[{"uri":"127.0.1.1.tm74","state":"TERMINATED","expires":1634024078008,"resourceName":"xamq"}]}
{"id":"127.0.1.1.tm163402406710100073","wasCommitted":true,"participants":[{"uri":"127.0.1.1.tm75","state":"COMMITTING","expires":1634024077064,"resourceName":"xamq"}]}
{"id":"127.0.1.1.tm163402406710100073","wasCommitted":true,"participants":[{"uri":"127.0.1.1.tm75","state":"TERMINATED","expires":1634024079015,"resourceName":"xamq"}]}
{"id":"127.0.1.1.tm163402406810900074","wasCommitted":true,"participants":[{"uri":"127.0.1.1.tm76","state":"COMMITTING","expires":1634024078070,"resourceName":"xamq"}]}
{"id":"127.0.1.1.tm163402406810900074","wasCommitted":true,"participants":[{"uri":"127.0.1.1.tm76","state":"TERMINATED","expires":1634024080021,"resourceName":"xamq"}]}
{"id":"127.0.1.1.tm163402406911500075","wasCommitted":true,"participants":[{"uri":"127.0.1.1.tm77","state":"COMMITTING","expires":1634024079076,"resourceName":"xamq"}]}
{"id":"127.0.1.1.tm163402406911500075","wasCommitted":true,"participants":[{"uri":"127.0.1.1.tm77","state":"TERMINATED","expires":1634024081027,"resourceName":"xamq"}]}
{"id":"127.0.1.1.tm163402407012100076","wasCommitted":true,"participants":[{"uri":"127.0.1.1.tm78","state":"COMMITTING","expires":1634024080082,"resourceName":"xamq"}]}
{"id":"127.0.1.1.tm163402407012100076","wasCommitted":true,"participants":[{"uri":"127.0.1.1.tm78","state":"TERMINATED","expires":1634024082033,"resourceName":"xamq"}]}
{"id":"127.0.1.1.tm163402407112800077","wasCommitted":true,"participants":[{"uri":"127.0.1.1.tm79","state":"COMMITTING","expires":1634024081089,"resourceName":"xamq"}]}
{"id":"127.0.1.1.tm163402407112800077","wasCommitted":true,"participants":[{"uri":"127.0.1.1.tm79","state":"TERMINATED","expires":1634024083040,"resourceName":"xamq"}]}
{"id":"127.0.1.1.tm163402407213300078","wasCommitted":true,"participants":[{"uri":"127.0.1.1.tm80","state":"COMMITTING","expires":1634024082095,"resourceName":"xamq"}]}
{"id":"127.0.1.1.tm163402407213300078","wasCommitted":true,"participants":[{"uri":"127.0.1.1.tm80","state":"TERMINATED","expires":1634024084046,"resourceName":"xamq"}]}
{"id":"127.0.1.1.tm163402407314100079","wasCommitted":true,"participants":[{"uri":"127.0.1.1.tm81","state":"COMMITTING","expires":1634024083102,"resourceName":"xamq"}]}
{"id":"127.0.1.1.tm163402407314100079","wasCommitted":true,"participants":[{"uri":"127.0.1.1.tm81","state":"TERMINATED","expires":1634024085052,"resourceName":"xamq"}]}
{"id":"127.0.1.1.tm163402407414700080","wasCommitted":true,"participants":[{"uri":"127.0.1.1.tm82","state":"COMMITTING","expires":1634024084108,"resourceName":"xamq"}]}
{"id":"127.0.1.1.tm163402407414700080","wasCommitted":true,"participants":[{"uri":"127.0.1.1.tm82","state":"TERMINATED","expires":1634024086059,"resourceName":"xamq"}]}
{"id":"127.0.1.1.tm163402407515300081","wasCommitted":true,"participants":[{"uri":"127.0.1.1.tm83","state":"COMMITTING","expires":1634024085115,"resourceName":"xamq"}]}
{"id":"127.0.1.1.tm163402407515300081","wasCommitted":true,"participants":[{"uri":"127.0.1.1.tm83","state":"TERMINATED","expires":1634024087066,"resourceName":"xamq"}]}
{"id":"127.0.1.1.tm163402407615900082","wasCommitted":true,"participants":[{"uri":"127.0.1.1.tm84","state":"COMMITTING","expires":1634024086122,"resourceName":"xamq"}]}
{"id":"127.0.1.1.tm163402407615900082","wasCommitted":true,"participants":[{"uri":"127.0.1.1.tm84","state":"TERMINATED","expires":1634024088073,"resourceName":"xamq"}]}
{"id":"127.0.1.1.tm163402407716700083","wasCommitted":true,"participants":[{"uri":"127.0.1.1.tm85","state":"COMMITTING","expires":1634024087129,"resourceName":"xamq"}]}
{"id":"127.0.1.1.tm163402407716700083","wasCommitted":true,"participants":[{"uri":"127.0.1.1.tm85","state":"TERMINATED","expires":1634024089080,"resourceName":"xamq"}]}
{"id":"127.0.1.1.tm163402407817400084","wasCommitted":true,"participants":[{"uri":"127.0.1.1.tm86","state":"COMMITTING","expires":1634024088134,"resourceName":"xamq"}]}
{"id":"127.0.1.1.tm163402407817400084","wasCommitted":true,"participants":[{"uri":"127.0.1.1.tm86","state":"TERMINATED","expires":1634024090084,"resourceName":"xamq"}]}
{"id":"127.0.1.1.tm163402407918000085","wasCommitted":true,"participants":[{"uri":"127.0.1.1.tm87","state":"COMMITTING","expires":1634024089137,"resourceName":"xamq"}]}
{"id":"127.0.1.1.tm163402407918000085","wasCommitted":true,"participants":[{"uri":"127.0.1.1.tm87","state":"TERMINATED","expires":1634024091088,"resourceName":"xamq"}]}
{"id":"127.0.1.1.tm163402408018400086","wasCommitted":true,"participants":[{"uri":"127.0.1.1.tm88","state":"COMMITTING","expires":1634024090146,"resourceName":"xamq"}]}
{"id":"127.0.1.1.tm163402408018400086","wasCommitted":true,"participants":[{"uri":"127.0.1.1.tm88","state":"TERMINATED","expires":1634024092097,"resourceName":"xamq"}]}
{"id":"127.0.1.1.tm163402408118900087","wasCommitted":true,"participants":[{"uri":"127.0.1.1.tm89","state":"COMMITTING","expires":1634024091154,"resourceName":"xamq"}]}
{"id":"127.0.1.1.tm163402408118900087","wasCommitted":true,"participants":[{"uri":"127.0.1.1.tm89","state":"TERMINATED","expires":1634024093105,"resourceName":"xamq"}]}
{"id":"127.0.1.1.tm163402408219800088","wasCommitted":true,"participants":[{"uri":"127.0.1.1.tm90","state":"COMMITTING","expires":1634024092162,"resourceName":"xamq"}]}
{"id":"127.0.1.1.tm163402408219800088","wasCommitted":true,"participants":[{"uri":"127.0.1.1.tm90","state":"TERMINATED","expires":1634024094112,"resourceName":"xamq"}]}
{"id":"127.0.1.1.tm163402408320600089","wasCommitted":true,"participants":[{"uri":"127.0.1.1.tm91","state":"COMMITTING","expires":1634024093168,"resourceName":"xamq"}]}
{"id":"127.0.1.1.tm163402408320600089","wasCommitted":true,"participants":[{"uri":"127.0.1.1.tm91","state":"TERMINATED","expires":1634024095119,"resourceName":"xamq"}]}
{"id":"127.0.1.1.tm163402408421300090","wasCommitted":true,"participants":[{"uri":"127.0.1.1.tm92","state":"COMMITTING","expires":1634024094174,"resourceName":"xamq"}]}
{"id":"127.0.1.1.tm163402408421300090","wasCommitted":true,"participants":[{"uri":"127.0.1.1.tm92","state":"TERMINATED","expires":1634024096125,"resourceName":"xamq"}]}
{"id":"127.0.1.1.tm163402408522000091","wasCommitted":true,"participants":[{"uri":"127.0.1.1.tm93","state":"COMMITTING","expires":1634024095179,"resourceName":"xamq"}]}
{"id":"127.0.1.1.tm163402408522000091","wasCommitted":true,"participants":[{"uri":"127.0.1.1.tm93","state":"TERMINATED","expires":1634024097130,"resourceName":"xamq"}]}
{"id":"127.0.1.1.tm163402408622500092","wasCommitted":true,"participants":[{"uri":"127.0.1.1.tm94","state":"COMMITTING","expires":1634024096182,"resourceName":"xamq"}]}
{"id":"127.0.1.1.tm163402408622500092","wasCommitted":true,"participants":[{"uri":"127.0.1.1.tm94","state":"TERMINATED","expires":1634024098133,"resourceName":"xamq"}]}
{"id":"127.0.1.1.tm163402408723000093","wasCommitted":true,"participants":[{"uri":"127.0.1.1.tm95","state":"COMMITTING","expires":1634024097185,"resourceName":"xamq"}]}
{"id":"127.0.1.1.tm163402408723000093","wasCommitted":true,"participants":[{"uri":"127.0.1.1.tm95","state":"TERMINATED","expires":1634024099135,"resourceName":"xamq"}]}
{"id":"127.0.1.1.tm163402408823300094","wasCommitted":true,"participants":[{"uri":"127.0.1.1.tm96","state":"COMMITTING","expires":1634024098189,"resourceName":"xamq"}]}
{"id":"127.0.1.1.tm163402408823300094","wasCommitted":true,"participants":[{"uri":"127.0.1.1.tm96","state":"TERMINATED","expires":1634024100140,"resourceName":"xamq"}]}
{"id":"127.0.1.1.tm163402408923600095","wasCommitted":true,"participants":[{"uri":"127.0.1.1.tm97","state":"COMMITTING","expires":1634024099196,"resourceName":"xamq"}]}
{"id":"127.0.1.1.tm163402408923600095","wasCommitted":true,"participants":[{"uri":"127.0.1.1.tm97","state":"TERMINATED","expires":1634024101146,"resourceName":"xamq"}]}
{"id":"127.0.1.1.tm163402409024100096","wasCommitted":true,"participants":[{"uri":"127.0.1.1.tm98","state":"COMMITTING","expires":1634024100201,"resourceName":"xamq"}]}
{"id":"127.0.1.1.tm163402409024100096","wasCommitted":true,"participants":[{"uri":"127.0.1.1.tm98","state":"TERMINATED","expires":1634024102152,"resourceName":"xamq"}]}
{"id":"127.0.1.1.tm163402409124700097","wasCommitted":true,"participants":[{"uri":"127.0.1.1.tm99","state":"COMMITTING","expires":1634024101208,"resourceName":"xamq"}]}
{"id":"127.0.1.1.tm163402409124700097","wasCommitted":true,"participants":[{"uri":"127.0.1.1.tm99","state":"TERMINATED","expires":1634024103159,"resourceName":"xamq"}]}
{"id":"127.0.1.1.tm163402409327000101","wasCommitted":true,"participants":[{"uri":"127.0.1.1.tm101","state":"COMMITTING","expires":1634024103186,"resourceName":"xads1"}]}
{"id":"127.0.1.1.tm163402409327000101","wasCommitted":true,"participants":[{"uri":"127.0.1.1.tm101","state":"TERMINATED","expires":1634024103199,"resourceName":"xads1"}]}
{"id":"127.0.1.1.tm163402409330400102","wasCommitted":true,"participants":[{"uri":"127.0.1.1.tm102","state":"COMMITTING","expires":1634024103214,"resourceName":"xads2"}]}
{"id":"127.0.1.1.tm163402409330400102","wasCommitted":true,"participants":[{"uri":"127.0.1.1.tm102","state":"TERMINATED","expires":1634024103220,"resourceName":"xads2"}]}
{"id":"127.0.1.1.tm163402409162500098","wasCommitted":false,"participants":[{"uri":"127.0.1.1.tm100","state":"TERMINATED","expires":1634024103226,"resourceName":"xamq"}]}
{"id":"127.0.1.1.tm163402409225300099","wasCommitted":true,"participants":[{"uri":"127.0.1.1.tm103","state":"COMMITTING","expires":1634024102280,"resourceName":"xamq"}]}
{"id":"127.0.1.1.tm163402409225300099","wasCommitted":true,"participants":[{"uri":"127.0.1.1.tm103","state":"TERMINATED","expires":1634024104231,"resourceName":"xamq"}]}
{"id":"127.0.1.1.tm163402409325900100","wasCommitted":true,"participants":[{"uri":"127.0.1.1.tm104","state":"COMMITTING","expires":1634024103286,"resourceName":"xamq"}]}
{"id":"127.0.1.1.tm163402409325900100","wasCommitted":true,"participants":[{"uri":"127.0.1.1.tm104","state":"TERMINATED","expires":1634024105236,"resourceName":"xamq"}]}
{"id":"127.0.1.1.tm163402409433200103","wasCommitted":true,"participants":[{"uri":"127.0.1.1.tm105","state":"COMMITTING","expires":1634024104290,"resourceName":"xamq"}]}
{"id":"127.0.1.1.tm163402409433200103","wasCommitted":true,"participants":[{"uri":"127.0.1.1.tm105","state":"TERMINATED","expires":1634024106240,"resourceName":"xamq"}]}
{"id":"127.0.1.1.tm163402409533700104","wasCommitted":true,"participants":[{"uri":"127.0.1.1.tm106","state":"COMMITTING","expires":1634024105295,"resourceName":"xamq"}]}
{"id":"127.0.1.1.tm163402409533700104","wasCommitted":true,"participants":[{"uri":"127.0.1.1.tm106","state":"TERMINATED","expires":1634024107245,"resourceName":"xamq"}]}
{"id":"127.0.1.1.tm163402409634100105","wasCommitted":true,"participants":[{"uri":"127.0.1.1.tm107","state":"COMMITTING","expires":1634024106297,"resourceName":"xamq"}]}
{"id":"127.0.1.1.tm163402409634100105","wasCommitted":true,"participants":[{"uri":"127.0.1.1.tm107","state":"TERMINATED","expires":1634024108248,"resourceName":"xamq"}]}
{"id":"127.0.1.1.tm163402409734500106","wasCommitted":true,"participants":[{"uri":"127.0.1.1.tm108","state":"COMMITTING","expires":1634024107301,"resourceName":"xamq"}]}
{"id":"127.0.1.1.tm163402409734500106","wasCommitted":true,"participants":[{"uri":"127.0.1.1.tm108","state":"TERMINATED","expires":1634024109252,"resourceName":"xamq"}]}
{"id":"127.0.1.1.tm163402409834800107","wasCommitted":true,"participants":[{"uri":"127.0.1.1.tm109","state":"COMMITTING","expires":1634024108308,"resourceName":"xamq"}]}
{"id":"127.0.1.1.tm163402409834800107","wasCommitted":true,"participants":[{"uri":"127.0.1.1.tm109","state":"TERMINATED","expires":1634024110259,"resourceName":"xamq"}]}
{"id":"127.0.1.1.tm163402409935300108","wasCommitted":true,"participants":[{"uri":"127.0.1.1.tm110","state":"COMMITTING","expires":1634024109315,"resourceName":"xamq"}]}
{"id":"127.0.1.1.tm163402409935300108","wasCommitted":true,"participants":[{"uri":"127.0.1.1.tm110","state":"TERMINATED","expires":1634024111266,"resourceName":"xamq"}]}
{"id":"127.0.1.1.tm163402410036000109","wasCommitted":true,"participants":[{"uri":"127.0.1.1.tm111","state":"COMMITTING","expires":1634024110322,"resourceName":"xamq"}]}
{"id":"127.0.1.1.tm163402410036000109","wasCommitted":true,"participants":[{"uri":"127.0.1.1.tm111","state":"TERMINATED","expires":1634024112273,"resourceName":"xamq"}]}
{"id":"127.0.1.1.tm163402410136600110","wasCommitted":true,"participants":[{"uri":"127.0.1.1.tm112","state":"COMMITTING","expires":1634024111327,"resourceName":"xamq"}]}
{"id":"127.0.1.1.tm163402410136600110","wasCommitted":true,"participants":[{"uri":"127.0.1.1.tm112","state":"TERMINATED","expires":1634024113277,"resourceName":"xamq"}]}
{"id":"127.0.1.1.tm163402410237300111","wasCommitted":true,"participants":[{"uri":"127.0.1.1.tm113","state":"COMMITTING","expires":1634024112332,"resourceName":"xamq"}]}
{"id":"127.0.1.1.tm163402410237300111","wasCommitted":true,"participants":[{"uri":"127.0.1.1.tm113","state":"TERMINATED","expires":1634024114283,"resourceName":"xamq"}]}
{"id":"127.0.1.1.tm163402410337700112","wasCommitted":true,"participants":[{"uri":"127.0.1.1.tm114","state":"COMMITTING","expires":1634024113337,"resourceName":"xamq"}]}
{"id":"127.0.1.1.tm163402410337700112","wasCommitted":true,"participants":[{"uri":"127.0.1.1.tm114","state":"TERMINATED","expires":1634024115288,"resourceName":"xamq"}]}
{"id":"127.0.1.1.tm163402410438400113","wasCommitted":true,"participants":[{"uri":"127.0.1.1.tm115","state":"COMMITTING","expires":1634024114343,"resourceName":"xamq"}]}
{"id":"127.0.1.1.tm163402410438400113","wasCommitted":true,"participants":[{"uri":"127.0.1.1.tm115","state":"TERMINATED","expires":1634024116293,"resourceName":"xamq"}]}
{"id":"127.0.1.1.tm163402410538800114","wasCommitted":true,"participants":[{"uri":"127.0.1.1.tm116","state":"COMMITTING","expires":1634024115349,"resourceName":"xamq"}]}
{"id":"127.0.1.1.tm163402410538800114","wasCommitted":true,"participants":[{"uri":"127.0.1.1.tm116","state":"TERMINATED","expires":1634024117300,"resourceName":"xamq"}]}
{"id":"127.0.1.1.tm163402410639400115","wasCommitted":true,"participants":[{"uri":"127.0.1.1.tm117","state":"COMMITTING","expires":1634024116355,"resourceName":"xamq"}]}
{"id":"127.0.1.1.tm163402410639400115","wasCommitted":true,"participants":[{"uri":"127.0.1.1.tm117","state":"TERMINATED","expires":1634024118306,"resourceName":"xamq"}]}
{"id":"127.0.1.1.tm163402410740100116","wasCommitted":true,"participants":[{"uri":"127.0.1.1.tm118","state":"COMMITTING","expires":1634024117360,"resourceName":"xamq"}]}
{"id":"127.0.1.1.tm163402410740100116","wasCommitted":true,"participants":[{"uri":"127.0.1.1.tm118","state":"TERMINATED","expires":1634024119310,"resourceName":"xamq"}]}
{"id":"127.0.1.1.tm163402410840600117","wasCommitted":true,"participants":[{"uri":"127.0.1.1.tm119","state":"COMMITTING","expires":1634024118364,"resourceName":"xamq"}]}
{"id":"127.0.1.1.tm163402410840600117","wasCommitted":true,"participants":[{"uri":"127.0.1.1.tm119","state":"TERMINATED","expires":1634024120315,"resourceName":"xamq"}]}
{"id":"127.0.1.1.tm163402410941000118","wasCommitted":true,"participants":[{"uri":"127.0.1.1.tm120","state":"COMMITTING","expires":1634024119371,"resourceName":"xamq"}]}
{"id":"127.0.1.1.tm163402410941000118","wasCommitted":true,"participants":[{"uri":"127.0.1.1.tm120","state":"TERMINATED","expires":1634024121322,"resourceName":"xamq"}]}
{"id":"127.0.1.1.tm163402411041600119","wasCommitted":true,"participants":[{"uri":"127.0.1.1.tm121","state":"COMMITTING","expires":1634024120377,"resourceName":"xamq"}]}
{"id":"127.0.1.1.tm163402411041600119","wasCommitted":true,"participants":[{"uri":"127.0.1.1.tm121","state":"TERMINATED","expires":1634024122328,"resourceName":"xamq"}]}
{"id":"127.0.1.1.tm163402411142200120","wasCommitted":true,"participants":[{"uri":"127.0.1.1.tm122","state":"COMMITTING","expires":1634024121383,"resourceName":"xamq"}]}
{"id":"127.0.1.1.tm163402411142200120","wasCommitted":true,"participants":[{"uri":"127.0.1.1.tm122","state":"TERMINATED","expires":1634024123334,"resourceName":"xamq"}]}
{"id":"127.0.1.1.tm163402411242900121","wasCommitted":true,"participants":[{"uri":"127.0.1.1.tm123","state":"COMMITTING","expires":1634024122389,"resourceName":"xamq"}]}
{"id":"127.0.1.1.tm163402411242900121","wasCommitted":true,"participants":[{"uri":"127.0.1.1.tm123","state":"TERMINATED","expires":1634024124340,"resourceName":"xamq"}]}
{"id":"127.0.1.1.tm163402411343500122","wasCommitted":true,"participants":[{"uri":"127.0.1.1.tm124","state":"COMMITTING","expires":1634024123395,"resourceName":"xamq"}]}
{"id":"127.0.1.1.tm163402411343500122","wasCommitted":true,"participants":[{"uri":"127.0.1.1.tm124","state":"TERMINATED","expires":1634024125346,"resourceName":"xamq"}]}
{"id":"127.0.1.1.tm163402411444100123","wasCommitted":true,"participants":[{"uri":"127.0.1.1.tm125","state":"COMMITTING","expires":1634024124402,"resourceName":"xamq"}]}
{"id":"127.0.1.1.tm163402411444100123","wasCommitted":true,"participants":[{"uri":"127.0.1.1.tm125","state":"TERMINATED","expires":1634024126353,"resourceName":"xamq"}]}
{"id":"127.0.1.1.tm163402411544600124","wasCommitted":true,"participants":[{"uri":"127.0.1.1.tm126","state":"COMMITTING","expires":1634024125410,"resourceName":"xamq"}]}
{"id":"127.0.1.1.tm163402411544600124","wasCommitted":true,"participants":[{"uri":"127.0.1.1.tm126","state":"TERMINATED","expires":1634024127361,"resourceName":"xamq"}]}
{"id":"127.0.1.1.tm163402411645400125","wasCommitted":true,"participants":[{"uri":"127.0.1.1.tm127","state":"COMMITTING","expires":1634024126418,"resourceName":"xamq"}]}
{"id":"127.0.1.1.tm163402411645400125","wasCommitted":true,"participants":[{"uri":"127.0.1.1.tm127","state":"TERMINATED","expires":1634024128368,"resourceName":"xamq"}]}
{"id":"127.0.1.1.tm163402411746200126","wasCommitted":true,"participants":[{"uri":"127.0.1.1.tm128","state":"COMMITTING","expires":1634024127424,"resourceName":"xamq"}]}
{"id":"127.0.1.1.tm163402411746200126","wasCommitted":true,"participants":[{"uri":"127.0.1.1.tm128","state":"TERMINATED","expires":1634024129375,"resourceName":"xamq"}]}
{"id":"127.0.1.1.tm163402411846900127","wasCommitted":true,"participants":[{"uri":"127.0.1.1.tm129","state":"COMMITTING","expires":1634024128431,"resourceName":"xamq"}]}
{"id":"127.0.1.1.tm163402411846900127","wasCommitted":true,"participants":[{"uri":"127.0.1.1.tm129","state":"TERMINATED","expires":1634024130381,"resourceName":"xamq"}]}
{"id":"127.0.1.1.tm163402411947600128","wasCommitted":true,"participants":[{"uri":"127.0.1.1.tm130","state":"COMMITTING","expires":1634024129435,"resourceName":"xamq"}]}
{"id":"127.0.1.1.tm163402411947600128","wasCommitted":true,"participants":[{"uri":"127.0.1.1.tm130","state":"TERMINATED","expires":1634024131386,"resourceName":"xamq"}]}
{"id":"127.0.1.1.tm163402412048200129","wasCommitted":true,"participants":[{"uri":"127.0.1.1.tm131","state":"COMMITTING","expires":1634024130438,"resourceName":"xamq"}]}
{"id":"127.0.1.1.tm163402412048200129","wasCommitted":true,"participants":[{"uri":"127.0.1.1.tm131","state":"TERMINATED","expires":1634024132388,"resourceName":"xamq"}]}
{"id":"127.0.1.1.tm163402412148600130","wasCommitted":true,"participants":[{"uri":"127.0.1.1.tm132","state":"COMMITTING","expires":1634024131441,"resourceName":"xamq"}]}
{"id":"127.0.1.1.tm163402412148600130","wasCommitted":true,"participants":[{"uri":"127.0.1.1.tm132","state":"TERMINATED","expires":1634024133392,"resourceName":"xamq"}]}
{"id":"127.0.1.1.tm163402412248800131","wasCommitted":true,"participants":[{"uri":"127.0.1.1.tm133","state":"COMMITTING","expires":1634024132446,"resourceName":"xamq"}]}
{"id":"127.0.1.1.tm163402412248800131","wasCommitted":true,"participants":[{"uri":"127.0.1.1.tm133","state":"TERMINATED","expires":1634024134396,"resourceName":"xamq"}]}
{"id":"127.0.1.1.tm163402412349300132","wasCommitted":true,"participants":[{"uri":"127.0.1.1.tm134","state":"COMMITTING","expires":1634024133450,"resourceName":"xamq"}]}
{"id":"127.0.1.1.tm163402412349300132","wasCommitted":true,"participants":[{"uri":"127.0.1.1.tm134","state":"TERMINATED","expires":1634024135401,"resourceName":"xamq"}]}
{"id":"127.0.1.1.tm163402412449600133","wasCommitted":true,"participants":[{"uri":"127.0.1.1.tm135","state":"COMMITTING","expires":1634024134457,"resourceName":"xamq"}]}
{"id":"127.0.1.1.tm163402412449600133","wasCommitted":true,"participants":[{"uri":"127.0.1.1.tm135","state":"TERMINATED","expires":1634024136408,"resourceName":"xamq"}]}
{"id":"127.0.1.1.tm163402412550200134","wasCommitted":true,"participants":[{"uri":"127.0.1.1.tm136","state":"COMMITTING","expires":1634024135465,"resourceName":"xamq"}]}
{"id":"127.0.1.1.tm163402412550200134","wasCommitted":true,"participants":[{"uri":"127.0.1.1.tm136","state":"TERMINATED","expires":1634024137416,"resourceName":"xamq"}]}
{"id":"127.0.1.1.tm163402412650800135","wasCommitted":true,"participants":[{"uri":"127.0.1.1.tm137","state":"COMMITTING","expires":1634024136470,"resourceName":"xamq"}]}
{"id":"127.0.1.1.tm163402412650800135","wasCommitted":true,"participants":[{"uri":"127.0.1.1.tm137","state":"TERMINATED","expires":1634024138421,"resourceName":"xamq"}]}
{"id":"127.0.1.1.tm163402412751600136","wasCommitted":true,"participants":[{"uri":"127.0.1.1.tm138","state":"COMMITTING","expires":1634024137476,"resourceName":"xamq"}]}
{"id":"127.0.1.1.tm163402412751600136","wasCommitted":true,"participants":[{"uri":"127.0.1.1.tm138","state":"TERMINATED","expires":1634024139427,"resourceName":"xamq"}]}
{"id":"127.0.1.1.tm163402412852200137","wasCommitted":true,"participants":[{"uri":"127.0.1.1.tm139","state":"COMMITTING","expires":1634024138482,"resourceName":"xamq"}]}
{"id":"127.0.1.1.tm163402412852200137","wasCommitted":true,"participants":[{"uri":"127.0.1.1.tm139","state":"TERMINATED","expires":1634024140433,"resourceName":"xamq"}]}
{"id":"127.0.1.1.tm163402412952800138","wasCommitted":true,"participants":[{"uri":"127.0.1.1.tm140","state":"COMMITTING","expires":1634024139488,"resourceName":"xamq"}]}
{"id":"127.0.1.1.tm163402412952800138","wasCommitted":true,"participants":[{"uri":"127.0.1.1.tm140","state":"TERMINATED","expires":1634024141439,"resourceName":"xamq"}]}
{"id":"127.0.1.1.tm163402413053300139","wasCommitted":true,"participants":[{"uri":"127.0.1.1.tm141","state":"COMMITTING","expires":1634024140494,"resourceName":"xamq"}]}
{"id":"127.0.1.1.tm163402413053300139","wasCommitted":true,"participants":[{"uri":"127.0.1.1.tm141","state":"TERMINATED","expires":1634024142445,"resourceName":"xamq"}]}
{"id":"127.0.1.1.tm163402413153900140","wasCommitted":true,"participants":[{"uri":"127.0.1.1.tm142","state":"COMMITTING","expires":1634024141498,"resourceName":"xamq"}]}
{"id":"127.0.1.1.tm163402413153900140","wasCommitted":true,"participants":[{"uri":"127.0.1.1.tm142","state":"TERMINATED","expires":1634024143449,"resourceName":"xamq"}]}
{"id":"127.0.1.1.tm163402413254500141","wasCommitted":true,"participants":[{"uri":"127.0.1.1.tm143","state":"COMMITTING","expires":1634024142502,"resourceName":"xamq"}]}
{"id":"127.0.1.1.tm163402413254500141","wasCommitted":true,"participants":[{"uri":"127.0.1.1.tm143","state":"TERMINATED","expires":1634024144453,"resourceName":"xamq"}]}
{"id":"127.0.1.1.tm163402413354900142","wasCommitted":true,"participants":[{"uri":"127.0.1.1.tm144","state":"COMMITTING","expires":1634024143506,"resourceName":"xamq"}]}
{"id":"127.0.1.1.tm163402413354900142","wasCommitted":true,"participants":[{"uri":"127.0.1.1.tm144","state":"TERMINATED","expires":1634024145457,"resourceName":"xamq"}]}
{"id":"127.0.1.1.tm163402413455300143","wasCommitted":true,"participants":[{"uri":"127.0.1.1.tm145","state":"COMMITTING","expires":1634024144510,"resourceName":"xamq"}]}
{"id":"127.0.1.1.tm163402413455300143","wasCommitted":true,"participants":[{"uri":"127.0.1.1.tm145","state":"TERMINATED","expires":1634024146461,"resourceName":"xamq"}]}
{"id":"127.0.1.1.tm163402413555700144","wasCommitted":true,"participants":[{"uri":"127.0.1.1.tm146","state":"COMMITTING","expires":1634024145514,"resourceName":"xamq"}]}
{"id":"127.0.1.1.tm163402413555700144","wasCommitted":true,"participants":[{"uri":"127.0.1.1.tm146","state":"TERMINATED","expires":1634024147465,"resourceName":"xamq"}]}
{"id":"127.0.1.1.tm163402413656100145","wasCommitted":true,"participants":[{"uri":"127.0.1.1.tm147","state":"COMMITTING","expires":1634024146520,"resourceName":"xamq"}]}
{"id":"127.0.1.1.tm163402413656100145","wasCommitted":true,"participants":[{"uri":"127.0.1.1.tm147","state":"TERMINATED","expires":1634024148471,"resourceName":"xamq"}]}
{"id":"127.0.1.1.tm163402413756500146","wasCommitted":true,"participants":[{"uri":"127.0.1.1.tm148","state":"COMMITTING","expires":1634024147524,"resourceName":"xamq"}]}
{"id":"127.0.1.1.tm163402413756500146","wasCommitted":true,"participants":[{"uri":"127.0.1.1.tm148","state":"TERMINATED","expires":1634024149475,"resourceName":"xamq"}]}
{"id":"127.0.1.1.tm163402413857100147","wasCommitted":true,"participants":[{"uri":"127.0.1.1.tm149","state":"COMMITTING","expires":1634024148529,"resourceName":"xamq"}]}
{"id":"127.0.1.1.tm163402413857100147","wasCommitted":true,"participants":[{"uri":"127.0.1.1.tm149","state":"TERMINATED","expires":1634024150479,"resourceName":"xamq"}]}
{"id":"127.0.1.1.tm163402413957500148","wasCommitted":true,"participants":[{"uri":"127.0.1.1.tm150","state":"COMMITTING","expires":1634024149535,"resourceName":"xamq"}]}
{"id":"127.0.1.1.tm163402413957500148","wasCommitted":true,"participants":[{"uri":"127.0.1.1.tm150","state":"TERMINATED","expires":1634024151486,"resourceName":"xamq"}]}
{"id":"127.0.1.1.tm163402414058000149","wasCommitted":true,"participants":[{"uri":"127.0.1.1.tm151","state":"COMMITTING","expires":1634024150541,"resourceName":"xamq"}]}
{"id":"127.0.1.1.tm163402414058000149","wasCommitted":true,"participants":[{"uri":"127.0.1.1.tm151","state":"TERMINATED","expires":1634024152491,"resourceName":"xamq"}]}
{"id":"127.0.1.1.tm163402414158700150","wasCommitted":true,"participants":[{"uri":"127.0.1.1.tm152","state":"COMMITTING","expires":1634024151546,"resourceName":"xamq"}]}
{"id":"127.0.1.1.tm163402414158700150","wasCommitted":true,"participants":[{"uri":"127.0.1.1.tm152","state":"TERMINATED","expires":1634024153497,"resourceName":"xamq"}]}
{"id":"127.0.1.1.tm163402414259200151","wasCommitted":true,"participants":[{"uri":"127.0.1.1.tm153","state":"COMMITTING","expires":1634024152552,"resourceName":"xamq"}]}
{"id":"127.0.1.1.tm163402414259200151","wasCommitted":true,"participants":[{"uri":"127.0.1.1.tm153","state":"TERMINATED","expires":1634024154503,"resourceName":"xamq"}]}
{"id":"127.0.1.1.tm163402414359800152","wasCommitted":true,"participants":[{"uri":"127.0.1.1.tm154","state":"COMMITTING","expires":1634024153557,"resourceName":"xamq"}]}
{"id":"127.0.1.1.tm163402414359800152","wasCommitted":true,"participants":[{"uri":"127.0.1.1.tm154","state":"TERMINATED","expires":1634024155508,"resourceName":"xamq"}]}
{"id":"127.0.1.1.tm163402414460300153","wasCommitted":true,"participants":[{"uri":"127.0.1.1.tm155","state":"COMMITTING","expires":1634024154562,"resourceName":"xamq"}]}
{"id":"127.0.1.1.tm163402414460300153","wasCommitted":true,"participants":[{"uri":"127.0.1.1.tm155","state":"TERMINATED","expires":1634024156513,"resourceName":"xamq"}]}
{"id":"127.0.1.1.tm163402414560800154","wasCommitted":true,"participants":[{"uri":"127.0.1.1.tm156","state":"COMMITTING","expires":1634024155568,"resourceName":"xamq"}]}
{"id":"127.0.1.1.tm163402414560800154","wasCommitted":true,"participants":[{"uri":"127.0.1.1.tm156","state":"TERMINATED","expires":1634024157519,"resourceName":"xamq"}]}
{"id":"127.0.1.1.tm163402414661400155","wasCommitted":true,"participants":[{"uri":"127.0.1.1.tm157","state":"COMMITTING","expires":1634024156572,"resourceName":"xamq"}]}
{"id":"127.0.1.1.tm163402414661400155","wasCommitted":true,"participants":[{"uri":"127.0.1.1.tm157","state":"TERMINATED","expires":1634024158523,"resourceName":"xamq"}]}
{"id":"127.0.1.1.tm163402414761900156","wasCommitted":true,"participants":[{"uri":"127.0.1.1.tm158","state":"COMMITTING","expires":1634024157576,"resourceName":"xamq"}]}
{"id":"127.0.1.1.tm163402414761900156","wasCommitted":true,"participants":[{"uri":"127.0.1.1.tm158","state":"TERMINATED","expires":1634024159527,"resourceName":"xamq"}]}
{"id":"127.0.1.1.tm163402414962700158","wasCommitted":true,"participants":[{"uri":"127.0.1.1.tm159","state":"COMMITTING","expires":1634024159632,"resourceName":"xamq"}]}
{"id":"127.0.1.1.tm163402414962700158","wasCommitted":true,"participants":[{"uri":"127.0.1.1.tm159","state":"TERMINATED","expires":1634024160533,"resourceName":"xamq"}]}
{"id":"127.0.1.1.tm163402414862300157","wasCommitted":true,"participants":[{"uri":"127.0.1.1.tm160","state":"COMMITTING","expires":1634024158537,"resourceName":"xamq"}]}
{"id":"127.0.1.1.tm163402414862300157","wasCommitted":true,"participants":[{"uri":"127.0.1.1.tm160","state":"TERMINATED","expires":1634024161537,"resourceName":"xamq"}]}
{"id":"127.0.1.1.tm163402415063300159","wasCommitted":true,"participants":[{"uri":"127.0.1.1.tm161","state":"COMMITTING","expires":1634024160590,"resourceName":"xamq"}]}
{"id":"127.0.1.1.tm163402415063300159","wasCommitted":true,"participants":[{"uri":"127.0.1.1.tm161","state":"TERMINATED","expires":1634024162540,"resourceName":"xamq"}]}
{"id":"127.0.1.1.tm163402415163800160","wasCommitted":true,"participants":[{"uri":"127.0.1.1.tm162","state":"COMMITTING","expires":1634024161592,"resourceName":"xamq"}]}
{"id":"127.0.1.1.tm163402415163800160","wasCommitted":true,"participants":[{"uri":"127.0.1.1.tm162","state":"TERMINATED","expires":1634024163542,"resourceName":"xamq"}]}
{"id":"127.0.1.1.tm163402415264000161","wasCommitted":true,"participants":[{"uri":"127.0.1.1.tm163","state":"COMMITTING","expires":1634024162596,"resourceName":"xamq"}]}
{"id":"127.0.1.1.tm163402415264000161","wasCommitted":true,"participants":[{"uri":"127.0.1.1.tm163","state":"TERMINATED","expires":1634024164546,"resourceName":"xamq"}]}
{"id":"127.0.1.1.tm163402415364300162","wasCommitted":true,"participants":[{"uri":"127.0.1.1.tm164","state":"COMMITTING","expires":1634024163600,"resourceName":"xamq"}]}
{"id":"127.0.1.1.tm163402415364300162","wasCommitted":true,"participants":[{"uri":"127.0.1.1.tm164","state":"TERMINATED","expires":1634024165551,"resourceName":"xamq"}]}
{"id":"127.0.1.1.tm163402415464700163","wasCommitted":true,"participants":[{"uri":"127.0.1.1.tm165","state":"COMMITTING","expires":1634024164606,"resourceName":"xamq"}]}
{"id":"127.0.1.1.tm163402415464700163","wasCommitted":true,"participants":[{"uri":"127.0.1.1.tm165","state":"TERMINATED","expires":1634024166557,"resourceName":"xamq"}]}
{"id":"127.0.1.1.tm163402415565100164","wasCommitted":true,"participants":[{"uri":"127.0.1.1.tm166","state":"COMMITTING","expires":1634024165612,"resourceName":"xamq"}]}
{"id":"127.0.1.1.tm163402415565100164","wasCommitted":true,"participants":[{"uri":"127.0.1.1.tm166","state":"TERMINATED","expires":1634024167563,"resourceName":"xamq"}]}
{"id":"127.0.1.1.tm163402415665700165","wasCommitted":true,"participants":[{"uri":"127.0.1.1.tm167","state":"COMMITTING","expires":1634024166616,"resourceName":"xamq"}]}
{"id":"127.0.1.1.tm163402415665700165","wasCommitted":true,"participants":[{"uri":"127.0.1.1.tm167","state":"TERMINATED","expires":1634024168566,"resourceName":"xamq"}]}
{"id":"127.0.1.1.tm163402415766300166","wasCommitted":true,"participants":[{"uri":"127.0.1.1.tm168","state":"COMMITTING","expires":1634024167619,"resourceName":"xamq"}]}
{"id":"127.0.1.1.tm163402415766300166","wasCommitted":true,"participants":[{"uri":"127.0.1.1.tm168","state":"TERMINATED","expires":1634024169570,"resourceName":"xamq"}]}
{"id":"127.0.1.1.tm163402415866700167","wasCommitted":true,"participants":[{"uri":"127.0.1.1.tm169","state":"COMMITTING","expires":1634024168623,"resourceName":"xamq"}]}
{"id":"127.0.1.1.tm163402415866700167","wasCommitted":true,"participants":[{"uri":"127.0.1.1.tm169","state":"TERMINATED","expires":1634024170573,"resourceName":"xamq"}]}
{"id":"127.0.1.1.tm163402415967000168","wasCommitted":true,"participants":[{"uri":"127.0.1.1.tm170","state":"COMMITTING","expires":1634024169624,"resourceName":"xamq"}]}
{"id":"127.0.1.1.tm163402415967000168","wasCommitted":true,"participants":[{"uri":"127.0.1.1.tm170","state":"TERMINATED","expires":1634024171575,"resourceName":"xamq"}]}
{"id":"127.0.1.1.tm163402416067300169","wasCommitted":true,"participants":[{"uri":"127.0.1.1.tm171","state":"COMMITTING","expires":1634024170627,"resourceName":"xamq"}]}
{"id":"127.0.1.1.tm163402416067300169","wasCommitted":true,"participants":[{"uri":"127.0.1.1.tm171","state":"TERMINATED","expires":1634024172578,"resourceName":"xamq"}]}
{"id":"127.0.1.1.tm163402416167500170","wasCommitted":true,"participants":[{"uri":"127.0.1.1.tm172","state":"COMMITTING","expires":1634024171632,"resourceName":"xamq"}]}
{"id":"127.0.1.1.tm163402416167500170","wasCommitted":true,"participants":[{"uri":"127.0.1.1.tm172","state":"TERMINATED","expires":1634024173582,"resourceName":"xamq"}]}
{"id":"127.0.1.1.tm163402416267800171","wasCommitted":true,"participants":[{"uri":"127.0.1.1.tm173","state":"COMMITTING","expires":1634024172635,"resourceName":"xamq"}]}
{"id":"127.0.1.1.tm163402416267800171","wasCommitted":true,"participants":[{"uri":"127.0.1.1.tm173","state":"TERMINATED","expires":1634024174586,"resourceName":"xamq"}]}
{"id":"127.0.1.1.tm163402416368200172","wasCommitted":true,"participants":[{"uri":"127.0.1.1.tm174","state":"COMMITTING","expires":1634024173640,"resourceName":"xamq"}]}
{"id":"127.0.1.1.tm163402416368200172","wasCommitted":true,"participants":[{"uri":"127.0.1.1.tm174","state":"TERMINATED","expires":1634024175590,"resourceName":"xamq"}]}
{"id":"127.0.1.1.tm163402416468600173","wasCommitted":true,"participants":[{"uri":"127.0.1.1.tm175","state":"COMMITTING","expires":1634024174642,"resourceName":"xamq"}]}
{"id":"127.0.1.1.tm163402416468600173","wasCommitted":true,"participants":[{"uri":"127.0.1.1.tm175","state":"TERMINATED","expires":1634024176592,"resourceName":"xamq"}]}
{"id":"127.0.1.1.tm163402416569000174","wasCommitted":true,"participants":[{"uri":"127.0.1.1.tm176","state":"COMMITTING","expires":1634024175644,"resourceName":"xamq"}]}
{"id":"127.0.1.1.tm163402416569000174","wasCommitted":true,"participants":[{"uri":"127.0.1.1.tm176","state":"TERMINATED","expires":1634024177595,"resourceName":"xamq"}]}
{"id":"127.0.1.1.tm163402416669200175","wasCommitted":true,"participants":[{"uri":"127.0.1.1.tm177","state":"COMMITTING","expires":1634024176652,"resourceName":"xamq"}]}
{"id":"127.0.1.1.tm163402416669200175","wasCommitted":true,"participants":[{"uri":"127.0.1.1.tm177","state":"TERMINATED","expires":1634024178602,"resourceName":"xamq"}]}
{"id":"127.0.1.1.tm163402416769600176","wasCommitted":true,"participants":[{"uri":"127.0.1.1.tm178","state":"COMMITTING","expires":1634024177655,"resourceName":"xamq"}]}
{"id":"127.0.1.1.tm163402416769600176","wasCommitted":true,"participants":[{"uri":"127.0.1.1.tm178","state":"TERMINATED","expires":1634024179606,"resourceName":"xamq"}]}
{"id":"127.0.1.1.tm163402416870200177","wasCommitted":true,"participants":[{"uri":"127.0.1.1.tm179","state":"COMMITTING","expires":1634024178662,"resourceName":"xamq"}]}
{"id":"127.0.1.1.tm163402416870200177","wasCommitted":true,"participants":[{"uri":"127.0.1.1.tm179","state":"TERMINATED","expires":1634024180612,"resourceName":"xamq"}]}
{"id":"127.0.1.1.tm163402416970600178","wasCommitted":true,"participants":[{"uri":"127.0.1.1.tm180","state":"COMMITTING","expires":1634024179668,"resourceName":"xamq"}]}
{"id":"127.0.1.1.tm163402416970600178","wasCommitted":true,"participants":[{"uri":"127.0.1.1.tm180","state":"TERMINATED","expires":1634024181619,"resourceName":"xamq"}]}
{"id":"127.0.1.1.tm163402417071300179","wasCommitted":true,"participants":[{"uri":"127.0.1.1.tm181","state":"COMMITTING","expires":1634024180673,"resourceName":"xamq"}]}
{"id":"127.0.1.1.tm163402417071300179","wasCommitted":true,"participants":[{"uri":"127.0.1.1.tm181","state":"TERMINATED","expires":1634024182623,"resourceName":"xamq"}]}
{"id":"127.0.1.1.tm163402417171900180","wasCommitted":true,"participants":[{"uri":"127.0.1.1.tm182","state":"COMMITTING","expires":1634024181677,"resourceName":"xamq"}]}
{"id":"127.0.1.1.tm163402417171900180","wasCommitted":true,"participants":[{"uri":"127.0.1.1.tm182","state":"TERMINATED","expires":1634024183627,"resourceName":"xamq"}]}
{"id":"127.0.1.1.tm163402417272400181","wasCommitted":true,"participants":[{"uri":"127.0.1.1.tm183","state":"COMMITTING","expires":1634024182679,"resourceName":"xamq"}]}
{"id":"127.0.1.1.tm163402417272400181","wasCommitted":true,"participants":[{"uri":"127.0.1.1.tm183","state":"TERMINATED","expires":1634024184629,"resourceName":"xamq"}]}
{"id":"127.0.1.1.tm163402417372700182","wasCommitted":true,"participants":[{"uri":"127.0.1.1.tm184","state":"COMMITTING","expires":1634024183681,"resourceName":"xamq"}]}
{"id":"127.0.1.1.tm163402417372700182","wasCommitted":true,"participants":[{"uri":"127.0.1.1.tm184","state":"TERMINATED","expires":1634024185632,"resourceName":"xamq"}]}
{"id":"127.0.1.1.tm163402417472900183","wasCommitted":true,"participants":[{"uri":"127.0.1.1.tm185","state":"COMMITTING","expires":1634024184683,"resourceName":"xamq"}]}
{"id":"127.0.1.1.tm163402417472900183","wasCommitted":true,"participants":[{"uri":"127.0.1.1.tm185","state":"TERMINATED","expires":1634024186634,"resourceName":"xamq"}]}
{"id":"127.0.1.1.tm163402417573200184","wasCommitted":true,"participants":[{"uri":"127.0.1.1.tm186","state":"COMMITTING","expires":1634024185686,"resourceName":"xamq"}]}
{"id":"127.0.1.1.tm163402417573200184","wasCommitted":true,"participants":[{"uri":"127.0.1.1.tm186","state":"TERMINATED","expires":1634024187637,"resourceName":"xamq"}]}
{"id":"127.0.1.1.tm163402417673400185","wasCommitted":true,"participants":[{"uri":"127.0.1.1.tm187","state":"COMMITTING","expires":1634024186692,"resourceName":"xamq"}]}
{"id":"127.0.1.1.tm163402417673400185","wasCommitted":true,"participants":[{"uri":"127.0.1.1.tm187","state":"TERMINATED","expires":1634024188643,"resourceName":"xamq"}]}
{"id":"127.0.1.1.tm163402417773800186","wasCommitted":true,"participants":[{"uri":"127.0.1.1.tm188","state":"COMMITTING","expires":1634024187699,"resourceName":"xamq"}]}
{"id":"127.0.1.1.tm163402417773800186","wasCommitted":true,"participants":[{"uri":"127.0.1.1.tm188","state":"TERMINATED","expires":1634024189649,"resourceName":"xamq"}]}
{"id":"127.0.1.1.tm163402417874400187","wasCommitted":true,"participants":[{"uri":"127.0.1.1.tm189","state":"COMMITTING","expires":1634024188702,"resourceName":"xamq"}]}
{"id":"127.0.1.1.tm163402417874400187","wasCommitted":true,"participants":[{"uri":"127.0.1.1.tm189","state":"TERMINATED","expires":1634024190653,"resourceName":"xamq"}]}
{"id":"127.0.1.1.tm163402417975000188","wasCommitted":true,"participants":[{"uri":"127.0.1.1.tm190","state":"COMMITTING","expires":1634024189704,"resourceName":"xamq"}]}
{"id":"127.0.1.1.tm163402417975000188","wasCommitted":true,"participants":[{"uri":"127.0.1.1.tm190","state":"TERMINATED","expires":1634024191655,"resourceName":"xamq"}]}
{"id":"127.0.1.1.tm163402418075300189","wasCommitted":true,"participants":[{"uri":"127.0.1.1.tm191","state":"COMMITTING","expires":1634024190707,"resourceName":"xamq"}]}
{"id":"127.0.1.1.tm163402418075300189","wasCommitted":true,"participants":[{"uri":"127.0.1.1.tm191","state":"TERMINATED","expires":1634024192658,"resourceName":"xamq"}]}
{"id":"127.0.1.1.tm163402418175500190","wasCommitted":true,"participants":[{"uri":"127.0.1.1.tm192","state":"COMMITTING","expires":1634024191711,"resourceName":"xamq"}]}
{"id":"127.0.1.1.tm163402418175500190","wasCommitted":true,"participants":[{"uri":"127.0.1.1.tm192","state":"TERMINATED","expires":1634024193662,"resourceName":"xamq"}]}
{"id":"127.0.1.1.tm163402418275800191","wasCommitted":true,"participants":[{"uri":"127.0.1.1.tm193","state":"COMMITTING","expires":1634024192714,"resourceName":"xamq"}]}
{"id":"127.0.1.1.tm163402418275800191","wasCommitted":true,"participants":[{"uri":"127.0.1.1.tm193","state":"TERMINATED","expires":1634024194664,"resourceName":"xamq"}]}
{"id":"127.0.1.1.tm163402418376200192","wasCommitted":true,"participants":[{"uri":"127.0.1.1.tm194","state":"COMMITTING","expires":1634024193718,"resourceName":"xamq"}]}
{"id":"127.0.1.1.tm163402418376200192","wasCommitted":true,"participants":[{"uri":"127.0.1.1.tm194","state":"TERMINATED","expires":1634024195670,"resourceName":"xamq"}]}
{"id":"127.0.1.1.tm163402418476400193","wasCommitted":true,"participants":[{"uri":"127.0.1.1.tm195","state":"COMMITTING","expires":1634024194725,"resourceName":"xamq"}]}
{"id":"127.0.1.1.tm163402418476400193","wasCommitted":true,"participants":[{"uri":"127.0.1.1.tm195","state":"TERMINATED","expires":1634024196676,"resourceName":"xamq"}]}
{"id":"127.0.1.1.tm163402418577000194","wasCommitted":true,"participants":[{"uri":"127.0.1.1.tm196","state":"COMMITTING","expires":1634024195731,"resourceName":"xamq"}]}
{"id":"127.0.1.1.tm163402418577000194","wasCommitted":true,"participants":[{"uri":"127.0.1.1.tm196","state":"TERMINATED","expires":1634024197682,"resourceName":"xamq"}]}
{"id":"127.0.1.1.tm163402418677700195","wasCommitted":true,"participants":[{"uri":"127.0.1.1.tm197","state":"COMMITTING","expires":1634024196737,"resourceName":"xamq"}]}
{"id":"127.0.1.1.tm163402418677700195","wasCommitted":true,"participants":[{"uri":"127.0.1.1.tm197","state":"TERMINATED","expires":1634024198688,"resourceName":"xamq"}]}
{"id":"127.0.1.1.tm163402418778300196","wasCommitted":true,"participants":[{"uri":"127.0.1.1.tm198","state":"COMMITTING","expires":1634024197743,"resourceName":"xamq"}]}
{"id":"127.0.1.1.tm163402418778300196","wasCommitted":true,"participants":[{"uri":"127.0.1.1.tm198","state":"TERMINATED","expires":1634024199694,"resourceName":"xamq"}]}
{"id":"127.0.1.1.tm163402418878800197","wasCommitted":true,"participants":[{"uri":"127.0.1.1.tm199","state":"COMMITTING","expires":1634024198749,"resourceName":"xamq"}]}
{"id":"127.0.1.1.tm163402418878800197","wasCommitted":true,"participants":[{"uri":"127.0.1.1.tm199","state":"TERMINATED","expires":1634024200700,"resourceName":"xamq"}]}
{"id":"127.0.1.1.tm163402418979400198","wasCommitted":true,"participants":[{"uri":"127.0.1.1.tm200","state":"COMMITTING","expires":1634024199754,"resourceName":"xamq"}]}
{"id":"127.0.1.1.tm163402418979400198","wasCommitted":true,"participants":[{"uri":"127.0.1.1.tm200","state":"TERMINATED","expires":1634024201705,"resourceName":"xamq"}]}
{"id":"127.0.1.1.tm163402419080000199","wasCommitted":true,"participants":[{"uri":"127.0.1.1.tm201","state":"COMMITTING","expires":1634024200759,"resourceName":"xamq"}]}
{"id":"127.0.1.1.tm163402419080000199","wasCommitted":true,"participants":[{"uri":"127.0.1.1.tm201","state":"TERMINATED","expires":1634024202711,"resourceName":"xamq"}]}
{"id":"127.0.1.1.tm163402419180600200","wasCommitted":true,"participants":[{"uri":"127.0.1.1.tm202","state":"COMMITTING","expires":1634024201764,"resourceName":"xamq"}]}
{"id":"127.0.1.1.tm163402419180600200","wasCommitted":true,"participants":[{"uri":"127.0.1.1.tm202","state":"TERMINATED","expires":1634024203715,"resourceName":"xamq"}]}
{"id":"127.0.1.1.tm163402419281100201","wasCommitted":true,"participants":[{"uri":"127.0.1.1.tm203","state":"COMMITTING","expires":1634024202769,"resourceName":"xamq"}]}
{"id":"127.0.1.1.tm163402419281100201","wasCommitted":true,"participants":[{"uri":"127.0.1.1.tm203","state":"TERMINATED","expires":1634024204720,"resourceName":"xamq"}]}
{"id":"127.0.1.1.tm163402419381600202","wasCommitted":true,"participants":[{"uri":"127.0.1.1.tm204","state":"COMMITTING","expires":1634024203775,"resourceName":"xamq"}]}
{"id":"127.0.1.1.tm163402419381600202","wasCommitted":true,"participants":[{"uri":"127.0.1.1.tm204","state":"TERMINATED","expires":1634024205725,"resourceName":"xamq"}]}
{"id":"127.0.1.1.tm163402419482100203","wasCommitted":true,"participants":[{"uri":"127.0.1.1.tm205","state":"COMMITTING","expires":1634024204780,"resourceName":"xamq"}]}
{"id":"127.0.1.1.tm163402419482100203","wasCommitted":true,"participants":[{"uri":"127.0.1.1.tm205","state":"TERMINATED","expires":1634024206731,"resourceName":"xamq"}]}
{"id":"127.0.1.1.tm163402419582600204","wasCommitted":true,"participants":[{"uri":"127.0.1.1.tm206","state":"COMMITTING","expires":1634024205785,"resourceName":"xamq"}]}
{"id":"127.0.1.1.tm163402419582600204","wasCommitted":true,"participants":[{"uri":"127.0.1.1.tm206","state":"TERMINATED","expires":1634024207736,"resourceName":"xamq"}]}
{"id":"127.0.1.1.tm163402419683100205","wasCommitted":true,"participants":[{"uri":"127.0.1.1.tm207","state":"COMMITTING","expires":1634024206790,"resourceName":"xamq"}]}
{"id":"127.0.1.1.tm163402419683100205","wasCommitted":true,"participants":[{"uri":"127.0.1.1.tm207","state":"TERMINATED","expires":1634024208741,"resourceName":"xamq"}]}
{"id":"127.0.1.1.tm163402419783600206","wasCommitted":true,"participants":[{"uri":"127.0.1.1.tm208","state":"COMMITTING","expires":1634024207795,"resourceName":"xamq"}]}
{"id":"127.0.1.1.tm163402419783600206","wasCommitted":true,"participants":[{"uri":"127.0.1.1.tm208","state":"TERMINATED","expires":1634024209746,"resourceName":"xamq"}]}
{"id":"127.0.1.1.tm163402419884200207","wasCommitted":true,"participants":[{"uri":"127.0.1.1.tm209","state":"COMMITTING","expires":1634024208800,"resourceName":"xamq"}]}
{"id":"127.0.1.1.tm163402419884200207","wasCommitted":true,"participants":[{"uri":"127.0.1.1.tm209","state":"TERMINATED","expires":1634024210751,"resourceName":"xamq"}]}
{"id":"127.0.1.1.tm163402419984700208","wasCommitted":true,"participants":[{"uri":"127.0.1.1.tm210","state":"COMMITTING","expires":1634024209805,"resourceName":"xamq"}]}
{"id":"127.0.1.1.tm163402419984700208","wasCommitted":true,"participants":[{"uri":"127.0.1.1.tm210","state":"TERMINATED","expires":1634024211756,"resourceName":"xamq"}]}
{"id":"127.0.1.1.tm163402420085200209","wasCommitted":true,"participants":[{"uri":"127.0.1.1.tm211","state":"COMMITTING","expires":1634024210811,"resourceName":"xamq"}]}
{"id":"127.0.1.1.tm163402420085200209","wasCommitted":true,"participants":[{"uri":"127.0.1.1.tm211","state":"TERMINATED","expires":1634024212761,"resourceName":"xamq"}]}
{"id":"127.0.1.1.tm163402420185600210","wasCommitted":true,"participants":[{"uri":"127.0.1.1.tm212","state":"COMMITTING","expires":1634024211815,"resourceName":"xamq"}]}
{"id":"127.0.1.1.tm163402420185600210","wasCommitted":true,"participants":[{"uri":"127.0.1.1.tm212","state":"TERMINATED","expires":1634024213765,"resourceName":"xamq"}]}
{"id":"127.0.1.1.tm163402420286200211","wasCommitted":true,"participants":[{"uri":"127.0.1.1.tm213","state":"COMMITTING","expires":1634024212818,"resourceName":"xamq"}]}
{"id":"127.0.1.1.tm163402420286200211","wasCommitted":true,"participants":[{"uri":"127.0.1.1.tm213","state":"TERMINATED","expires":1634024214769,"resourceName":"xamq"}]}
{"id":"127.0.1.1.tm163402420386500212","wasCommitted":true,"participants":[{"uri":"127.0.1.1.tm214","state":"COMMITTING","expires":1634024213823,"resourceName":"xamq"}]}
{"id":"127.0.1.1.tm163402420386500212","wasCommitted":true,"participants":[{"uri":"127.0.1.1.tm214","state":"TERMINATED","expires":1634024215774,"resourceName":"xamq"}]}
{"id":"127.0.1.1.tm163402420486900213","wasCommitted":true,"participants":[{"uri":"127.0.1.1.tm215","state":"COMMITTING","expires":1634024214829,"resourceName":"xamq"}]}
{"id":"127.0.1.1.tm163402420486900213","wasCommitted":true,"participants":[{"uri":"127.0.1.1.tm215","state":"TERMINATED","expires":1634024216780,"resourceName":"xamq"}]}
{"id":"127.0.1.1.tm163402420587500214","wasCommitted":true,"participants":[{"uri":"127.0.1.1.tm216","state":"COMMITTING","expires":1634024215834,"resourceName":"xamq"}]}
{"id":"127.0.1.1.tm163402420587500214","wasCommitted":true,"participants":[{"uri":"127.0.1.1.tm216","state":"TERMINATED","expires":1634024217785,"resourceName":"xamq"}]}
{"id":"127.0.1.1.tm163402420688000215","wasCommitted":true,"participants":[{"uri":"127.0.1.1.tm217","state":"COMMITTING","expires":1634024216839,"resourceName":"xamq"}]}
{"id":"127.0.1.1.tm163402420688000215","wasCommitted":true,"participants":[{"uri":"127.0.1.1.tm217","state":"TERMINATED","expires":1634024218790,"resourceName":"xamq"}]}
{"id":"127.0.1.1.tm163402420788500216","wasCommitted":false,"participants":[{"uri":"127.0.1.1.tm218","state":"TERMINATED","expires":1634024218936,"resourceName":"xamq"}]}
